<?xml version="1.0" encoding="UTF-8" ?>
<testsuites>
  <testsuite errors="0" failures="0" hostname="Padyman" id="0" name="AutoTest" package="tests" tests="10" time="0.105" timestamp="2014-01-30T19:00:35">
      <properties>
[...]
</properties>

      <testcase classname="tests.AutoTest" name="testAutoAvanzaCalleSinObstaculo" time="0.038" />

      <testcase classname="tests.AutoTest" name="testAutoAvanzaCalleConSorpresaCambioDeVehiculoCambiaA4X4YAvanzaCalleConPiquete" time="0.001" />

      <testcase classname="tests.AutoTest" name="testAutoAvanzaCalleConPozo" time="0.0" />

      <testcase classname="tests.AutoTest" name="testConstructorDePruebas" time="0.0" />

      <testcase classname="tests.AutoTest" name="testAutoAvanzaCalleConPiquete" time="0.001" />

      <testcase classname="tests.AutoTest" name="testAutoAvanzaCalleConControlPolicialConProbabilidadDeDetencion10" time="0.001" />

      <testcase classname="tests.AutoTest" name="testAutoAvanzaCalleConControlPolicialConProbabilidadDeDEtencion0" time="0.001" />

      <testcase classname="tests.AutoTest" name="testAutoAvanzaCalleConSorpresaDesfavorable" time="0.0" />

      <testcase classname="tests.AutoTest" name="testAutoAvanzaCalleConSorpresaFavorable" time="0.0" />

      <testcase classname="tests.AutoTest" name="testAutoAvanzaCalleConSorpresaCambioDeVehiculoCambiaA4X4YAvanzaCalleConPozo" time="0.0" />

      <system-out><![CDATA[]]></system-out>

      <system-err><![CDATA[]]></system-err>

  </testsuite>
  <testsuite errors="0" failures="0" hostname="Padyman" id="1" name="CalleTest" package="tests" tests="2" time="0.005" timestamp="2014-01-30T19:00:35">
      <properties>
[...]
</properties>

      <testcase classname="tests.CalleTest" name="testSettearEncontrable" time="0.0" />

      <testcase classname="tests.CalleTest" name="testCrear" time="0.0" />

      <system-out><![CDATA[]]></system-out>

      <system-err><![CDATA[]]></system-err>

  </testsuite>
  <testsuite errors="0" failures="0" hostname="Padyman" id="2" name="ControlPolicialTest" package="tests" tests="1" time="0.004" timestamp="2014-01-30T19:00:35">
      <properties>
[...]
</properties>

      <testcase classname="tests.ControlPolicialTest" name="testCrear" time="0.001" />

      <system-out><![CDATA[]]></system-out>

      <system-err><![CDATA[]]></system-err>

  </testsuite>
  <testsuite errors="0" failures="0" hostname="Padyman" id="3" name="CuatroXCuatroTest" package="tests" tests="9" time="0.01" timestamp="2014-01-30T19:00:35">
      <properties>
[...]
</properties>

      <testcase classname="tests.CuatroXCuatroTest" name="testConstructorDePruebas" time="0.0" />

      <testcase classname="tests.CuatroXCuatroTest" name="testCuatroXCuatroAvanzaCalleConSorpresaFavorable" time="0.0" />

      <testcase classname="tests.CuatroXCuatroTest" name="testCuatroXCuatroAvanzaCalleConSorpresaDesfavorable" time="0.001" />

      <testcase classname="tests.CuatroXCuatroTest" name="test4X4AvanzaCalleConSorpresaCambioDeVehiculoCambiaAMotoYAvanzaCalleConPozo" time="0.001" />

      <testcase classname="tests.CuatroXCuatroTest" name="testCuatroXCuatroAvanzaCalleConPiquete" time="0.0" />

      <testcase classname="tests.CuatroXCuatroTest" name="testCuatroXCuatroAvanzaCalleSinObstaculo" time="0.0" />

      <testcase classname="tests.CuatroXCuatroTest" name="testCuatroXCuatroAvanzaCalleConControlPolicialConProbabilidad10" time="0.0" />

      <testcase classname="tests.CuatroXCuatroTest" name="testCuatroXCuatroAvanzaCalleConControlPolicialConProbabilidad0" time="0.0" />

      <testcase classname="tests.CuatroXCuatroTest" name="testCuatroXCuatroAvanzaCalleConPozo" time="0.0" />

      <system-out><![CDATA[]]></system-out>

      <system-err><![CDATA[]]></system-err>

  </testsuite>
  <testsuite errors="0" failures="0" hostname="Padyman" id="4" name="EscenarioTest" package="tests" tests="25" time="0.118" timestamp="2014-01-30T19:00:35">
      <properties>
[...]
</properties>

      <testcase classname="tests.EscenarioTest" name="testEsquinasTienenCalleAbajo" time="0.007" />

      <testcase classname="tests.EscenarioTest" name="testEsquinaDeLargadaValida" time="0.004" />

      <testcase classname="tests.EscenarioTest" name="testEscenarioCallesConEcontrablesTienenEsquinas" time="0.007" />

      <testcase classname="tests.EscenarioTest" name="testEsquinasTienenCalleArriba" time="0.002" />

      <testcase classname="tests.EscenarioTest" name="testEscenarioDificilcon41CallesConEcontrables" time="0.012" />

      <testcase classname="tests.EscenarioTest" name="testEscenarioMedioCon28CallesConEcontrables" time="0.005" />

      <testcase classname="tests.EscenarioTest" name="testCallesDeEscenarioTienenEsquinasCorrectas" time="0.002" />

      <testcase classname="tests.EscenarioTest" name="testEscenarioFacilCon17CallesConEcontrables" time="0.003" />

      <testcase classname="tests.EscenarioTest" name="testEscenarioEnModeradoConEncontrables" time="0.005" />

      <testcase classname="tests.EscenarioTest" name="testMapaNoEstaVacio" time="0.002" />

      <testcase classname="tests.EscenarioTest" name="pruebaDeCalles" time="0.004" />

      <testcase classname="tests.EscenarioTest" name="testCallesCorrectas" time="0.003" />

      <testcase classname="tests.EscenarioTest" name="testCrear" time="0.002" />

      <testcase classname="tests.EscenarioTest" name="testEsquinasTienenCalleIzquierda" time="0.002" />

      <testcase classname="tests.EscenarioTest" name="testCantidadDeEncontrablesEnModerado" time="0.005" />

      <testcase classname="tests.EscenarioTest" name="testEscenarioEnFacilConEncontrables" time="0.002" />

      <testcase classname="tests.EscenarioTest" name="testEscenarioEnDificilConEncontrables" time="0.009" />

      <testcase classname="tests.EscenarioTest" name="testEsquinasNoTienenCalleIzquierda" time="0.002" />

      <testcase classname="tests.EscenarioTest" name="testEsquinasNoTienenCalleDerecha" time="0.002" />

      <testcase classname="tests.EscenarioTest" name="testCantidadDeEncontrablesEnDificil" time="0.009" />

      <testcase classname="tests.EscenarioTest" name="testEsquinasNoTienenCalleArriba" time="0.002" />

      <testcase classname="tests.EscenarioTest" name="testEsquinasNoTienenCalleAbajo" time="0.002" />

      <testcase classname="tests.EscenarioTest" name="testEsquinasTienenCalleDerecha" time="0.002" />

      <testcase classname="tests.EscenarioTest" name="testCantidadDeEncontrablesEnFacil" time="0.002" />

      <testcase classname="tests.EscenarioTest" name="testEsquinaDeLlegadaValida" time="0.002" />

      <system-out><![CDATA[no hay ranking de puntaje guardado. 
no hay usuarios guardados. Se creará una nueva lista de usuarios
no hay ranking de puntaje guardado. 
no hay usuarios guardados. Se creará una nueva lista de usuarios
no hay ranking de puntaje guardado. 
no hay usuarios guardados. Se creará una nueva lista de usuarios
no hay ranking de puntaje guardado. 
no hay usuarios guardados. Se creará una nueva lista de usuarios
no hay ranking de puntaje guardado. 
no hay usuarios guardados. Se creará una nueva lista de usuarios
no hay ranking de puntaje guardado. 
no hay usuarios guardados. Se creará una nueva lista de usuarios
no hay ranking de puntaje guardado. 
no hay usuarios guardados. Se creará una nueva lista de usuarios
no hay ranking de puntaje guardado. 
no hay usuarios guardados. Se creará una nueva lista de usuarios
no hay ranking de puntaje guardado. 
no hay usuarios guardados. Se creará una nueva lista de usuarios
no hay ranking de puntaje guardado. 
no hay usuarios guardados. Se creará una nueva lista de usuarios
no hay ranking de puntaje guardado. 
no hay usuarios guardados. Se creará una nueva lista de usuarios
]]></system-out>

      <system-err><![CDATA[]]></system-err>

  </testsuite>
  <testsuite errors="0" failures="0" hostname="Padyman" id="5" name="EsquinaTest" package="tests" tests="2" time="0.004" timestamp="2014-01-30T19:00:35">
      <properties>
[...]
</properties>

      <testcase classname="tests.EsquinaTest" name="testCrear" time="0.0" />

      <testcase classname="tests.EsquinaTest" name="testEsquinaVacia" time="0.0" />

      <system-out><![CDATA[]]></system-out>

      <system-err><![CDATA[]]></system-err>

  </testsuite>
  <testsuite errors="0" failures="0" hostname="Padyman" id="6" name="GPSChallengeTest" package="tests" tests="1" time="0.006" timestamp="2014-01-30T19:00:35">
      <properties>
[...]
</properties>

      <testcase classname="tests.GPSChallengeTest" name="testCrear" time="0.002" />

      <system-out><![CDATA[no hay ranking de puntaje guardado. 
no hay usuarios guardados. Se creará una nueva lista de usuarios
]]></system-out>

      <system-err><![CDATA[]]></system-err>

  </testsuite>
  <testsuite errors="0" failures="0" hostname="Padyman" id="7" name="JugadorTest" package="tests" tests="2" time="0.003" timestamp="2014-01-30T19:00:35">
      <properties>
[...]
</properties>

      <testcase classname="tests.JugadorTest" name="testCrear" time="0.001" />

      <testcase classname="tests.JugadorTest" name="testCambiarNombreJugador" time="0.0" />

      <system-out><![CDATA[]]></system-out>

      <system-err><![CDATA[]]></system-err>

  </testsuite>
  <testsuite errors="0" failures="0" hostname="Padyman" id="8" name="MotoTest" package="tests" tests="9" time="0.006" timestamp="2014-01-30T19:00:35">
      <properties>
[...]
</properties>

      <testcase classname="tests.MotoTest" name="testConstructorDePruebas" time="0.0" />

      <testcase classname="tests.MotoTest" name="testMotoAvanzaCalleConControlPolicialConProbabilidad0" time="0.0" />

      <testcase classname="tests.MotoTest" name="testMotoAvanzaCalleConSorpresaCambioDeVehiculoCambiaAAutoYAvanzaCalleConPozo" time="0.0" />

      <testcase classname="tests.MotoTest" name="testMotoAvanzaCalleConControlPolicialConProbabilidad10" time="0.001" />

      <testcase classname="tests.MotoTest" name="testMotoAvanzaCalleConSorpresaDesfavorable" time="0.0" />

      <testcase classname="tests.MotoTest" name="testMotoAvanzaCalleConSorpresaFavorable" time="0.0" />

      <testcase classname="tests.MotoTest" name="testMotoAvanzaCalleConPozo" time="0.0" />

      <testcase classname="tests.MotoTest" name="testMotoAvanzaCalleConPiquete" time="0.0" />

      <testcase classname="tests.MotoTest" name="testMotoAvanzaCalleSinObstaculo" time="0.0" />

      <system-out><![CDATA[]]></system-out>

      <system-err><![CDATA[]]></system-err>

  </testsuite>
  <testsuite errors="0" failures="0" hostname="Padyman" id="9" name="ObstaculoTest" package="tests" tests="1" time="0.004" timestamp="2014-01-30T19:00:35">
      <properties>
[...]
</properties>

      <testcase classname="tests.ObstaculoTest" name="testCrear" time="0.0" />

      <system-out><![CDATA[]]></system-out>

      <system-err><![CDATA[]]></system-err>

  </testsuite>
  <testsuite errors="0" failures="0" hostname="Padyman" id="10" name="PersistidorTest" package="tests" tests="6" time="0.092" timestamp="2014-01-30T19:00:35">
      <properties>
[...]
</properties>

      <testcase classname="tests.PersistidorTest" name="testPersistenciaDeGPSAtributosPersistidos" time="0.052" />

      <testcase classname="tests.PersistidorTest" name="testPersistirAuto" time="0.005" />

      <testcase classname="tests.PersistidorTest" name="testPersistidor" time="0.0" />

      <testcase classname="tests.PersistidorTest" name="testPersistirDificultad" time="0.004" />

      <testcase classname="tests.PersistidorTest" name="testPersistirPersistidor" time="0.009" />

      <testcase classname="tests.PersistidorTest" name="testPersistenciaDeGPSAtributosNoNull" time="0.017" />

      <system-out><![CDATA[no hay ranking de puntaje guardado. 
no hay usuarios guardados. Se creará una nueva lista de usuarios
no hay ranking de puntaje guardado. 
no hay usuarios guardados. Se creará una nueva lista de usuarios
no hay ranking de puntaje guardado. 
no hay usuarios guardados. Se creará una nueva lista de usuarios
no hay ranking de puntaje guardado. 
no hay usuarios guardados. Se creará una nueva lista de usuarios
no hay ranking de puntaje guardado. 
no hay usuarios guardados. Se creará una nueva lista de usuarios
]]></system-out>

      <system-err><![CDATA[]]></system-err>

  </testsuite>
  <testsuite errors="0" failures="0" hostname="Padyman" id="11" name="PersistidorUsuariosTest" package="tests" tests="3" time="0.042" timestamp="2014-01-30T19:00:35">
      <properties>
[...]
</properties>

      <testcase classname="tests.PersistidorUsuariosTest" name="testPersistenciaSoloUsuarios" time="0.02" />

      <testcase classname="tests.PersistidorUsuariosTest" name="testPersistenciaSoloPuntajes" time="0.018" />

      <testcase classname="tests.PersistidorUsuariosTest" name="test" time="0.0" />

      <system-out><![CDATA[no hay ranking de puntaje guardado. 
no hay usuarios guardados. Se creará una nueva lista de usuarios
no hay ranking de puntaje guardado. 
]]></system-out>

      <system-err><![CDATA[]]></system-err>

  </testsuite>
  <testsuite errors="0" failures="0" hostname="Padyman" id="12" name="PiqueteTest" package="tests" tests="1" time="0.002" timestamp="2014-01-30T19:00:35">
      <properties>
[...]
</properties>

      <testcase classname="tests.PiqueteTest" name="testCrear" time="0.0" />

      <system-out><![CDATA[]]></system-out>

      <system-err><![CDATA[]]></system-err>

  </testsuite>
  <testsuite errors="0" failures="0" hostname="Padyman" id="13" name="PozoTest" package="tests" tests="1" time="0.002" timestamp="2014-01-30T19:00:35">
      <properties>
[...]
</properties>

      <testcase classname="tests.PozoTest" name="testCrear" time="0.0" />

      <system-out><![CDATA[]]></system-out>

      <system-err><![CDATA[]]></system-err>

  </testsuite>
  <testsuite errors="0" failures="0" hostname="Padyman" id="14" name="SorpresaCambioDeVehiculoTest" package="tests" tests="1" time="0.002" timestamp="2014-01-30T19:00:35">
      <properties>
[...]
</properties>

      <testcase classname="tests.SorpresaCambioDeVehiculoTest" name="test" time="0.0" />

      <system-out><![CDATA[]]></system-out>

      <system-err><![CDATA[]]></system-err>

  </testsuite>
  <testsuite errors="0" failures="0" hostname="Padyman" id="15" name="SorpresaDesfavorableTest" package="tests" tests="1" time="0.002" timestamp="2014-01-30T19:00:35">
      <properties>
[...]
</properties>

      <testcase classname="tests.SorpresaDesfavorableTest" name="testCrear" time="0.0" />

      <system-out><![CDATA[]]></system-out>

      <system-err><![CDATA[]]></system-err>

  </testsuite>
  <testsuite errors="0" failures="0" hostname="Padyman" id="16" name="SorpresaFavorableTest" package="tests" tests="1" time="0.002" timestamp="2014-01-30T19:00:35">
      <properties>
[...]
</properties>

      <testcase classname="tests.SorpresaFavorableTest" name="testCrear" time="0.0" />

      <system-out><![CDATA[]]></system-out>

      <system-err><![CDATA[]]></system-err>

  </testsuite>
  <testsuite errors="0" failures="0" hostname="Padyman" id="17" name="SorpresaPorcentualTest" package="tests" tests="1" time="0.002" timestamp="2014-01-30T19:00:35">
      <properties>
[...]
</properties>

      <testcase classname="tests.SorpresaPorcentualTest" name="testCrear" time="0.0" />

      <system-out><![CDATA[]]></system-out>

      <system-err><![CDATA[]]></system-err>

  </testsuite>
  <testsuite errors="0" failures="0" hostname="Padyman" id="18" name="SorpresaTest" package="tests" tests="1" time="0.002" timestamp="2014-01-30T19:00:35">
      <properties>
[...]
</properties>

      <testcase classname="tests.SorpresaTest" name="testCrear" time="0.0" />

      <system-out><![CDATA[]]></system-out>

      <system-err><![CDATA[]]></system-err>

  </testsuite>
  <testsuite errors="0" failures="0" hostname="Padyman" id="19" name="VehiculoTest" package="tests" tests="9" time="0.005" timestamp="2014-01-30T19:00:35">
      <properties>
[...]
</properties>

      <testcase classname="tests.VehiculoTest" name="testCrear" time="0.0" />

      <testcase classname="tests.VehiculoTest" name="testCrearComoMoto" time="0.0" />

      <testcase classname="tests.VehiculoTest" name="testCrearComo4x4" time="0.0" />

      <testcase classname="tests.VehiculoTest" name="testCrearComoAuto" time="0.0" />

      <testcase classname="tests.VehiculoTest" name="testSetearPosicion" time="0.0" />

      <testcase classname="tests.VehiculoTest" name="testAgregarMovimientos" time="0.0" />

      <testcase classname="tests.VehiculoTest" name="testDescontarMovimientos" time="0.0" />

      <testcase classname="tests.VehiculoTest" name="testSumarPorcentajeDeMovimientos" time="0.0" />

      <testcase classname="tests.VehiculoTest" name="testDescontarPorcentajeDeMovimientos" time="0.0" />

      <system-out><![CDATA[]]></system-out>

      <system-err><![CDATA[]]></system-err>

  </testsuite>
</testsuites>
